[debug] [2026-04-05T14:05:06.370Z] ----------------------------------------------------------------------
[debug] [2026-04-05T14:05:06.375Z] Command:       C:\Program Files\nodejs\node.exe C:\Users\Hp\AppData\Roaming\npm\node_modules\firebase-tools\lib\bin\firebase.js deploy --only functions
[debug] [2026-04-05T14:05:06.375Z] CLI Version:   15.13.0
[debug] [2026-04-05T14:05:06.375Z] Platform:      win32
[debug] [2026-04-05T14:05:06.376Z] Node Version:  v24.12.0
[debug] [2026-04-05T14:05:06.376Z] Time:          Sun Apr 05 2026 15:05:06 GMT+0100 (West Africa Standard Time)
[debug] [2026-04-05T14:05:06.376Z] ----------------------------------------------------------------------
[debug] 
[debug] [2026-04-05T14:05:06.380Z] >>> [apiv2][query] GET https://firebase-public.firebaseio.com/cli.json [none]
[debug] [2026-04-05T14:05:11.185Z] > command requires scopes: ["email","openid","https://www.googleapis.com/auth/cloudplatformprojects.readonly","https://www.googleapis.com/auth/firebase","https://www.googleapis.com/auth/cloud-platform"]
[debug] [2026-04-05T14:05:11.186Z] > authorizing via signed-in user (nwokefrancis99@gmail.com)
[debug] [2026-04-05T14:05:11.186Z] [iam] checking project nebula-engine-fb00a for permissions ["cloudfunctions.functions.create","cloudfunctions.functions.delete","cloudfunctions.functions.get","cloudfunctions.functions.list","cloudfunctions.functions.update","cloudfunctions.operations.get","firebase.projects.get"]
[debug] [2026-04-05T14:05:11.188Z] Checked if tokens are valid: true, expires at: 1775399765894
[debug] [2026-04-05T14:05:11.189Z] Checked if tokens are valid: true, expires at: 1775399765894
[debug] [2026-04-05T14:05:11.189Z] >>> [apiv2][query] POST https://cloudresourcemanager.googleapis.com/v1/projects/nebula-engine-fb00a:testIamPermissions [none]
[debug] [2026-04-05T14:05:11.189Z] >>> [apiv2][(partial)header] POST https://cloudresourcemanager.googleapis.com/v1/projects/nebula-engine-fb00a:testIamPermissions  x-goog-user-project=nebula-engine-fb00a
[debug] [2026-04-05T14:05:11.190Z] >>> [apiv2][body] POST https://cloudresourcemanager.googleapis.com/v1/projects/nebula-engine-fb00a:testIamPermissions {"permissions":["cloudfunctions.functions.create","cloudfunctions.functions.delete","cloudfunctions.functions.get","cloudfunctions.functions.list","cloudfunctions.functions.update","cloudfunctions.operations.get","firebase.projects.get"]}
[debug] [2026-04-05T14:05:11.990Z] <<< [apiv2][status] GET https://firebase-public.firebaseio.com/cli.json 200
[debug] [2026-04-05T14:05:11.991Z] <<< [apiv2][body] GET https://firebase-public.firebaseio.com/cli.json {"cloudBuildErrorAfter":1594252800000,"cloudBuildWarnAfter":1590019200000,"defaultNode10After":1594252800000,"minVersion":"3.0.5","node8DeploysDisabledAfter":1613390400000,"node8RuntimeDisabledAfter":1615809600000,"node8WarnAfter":1600128000000}
[debug] [2026-04-05T14:05:12.568Z] <<< [apiv2][status] POST https://cloudresourcemanager.googleapis.com/v1/projects/nebula-engine-fb00a:testIamPermissions 200
[debug] [2026-04-05T14:05:12.568Z] <<< [apiv2][body] POST https://cloudresourcemanager.googleapis.com/v1/projects/nebula-engine-fb00a:testIamPermissions {"permissions":["cloudfunctions.functions.create","cloudfunctions.functions.delete","cloudfunctions.functions.get","cloudfunctions.functions.list","cloudfunctions.functions.update","cloudfunctions.operations.get","firebase.projects.get"]}
[debug] [2026-04-05T14:05:12.568Z] Checked if tokens are valid: true, expires at: 1775399765894
[debug] [2026-04-05T14:05:12.568Z] Checked if tokens are valid: true, expires at: 1775399765894
[debug] [2026-04-05T14:05:12.568Z] >>> [apiv2][query] POST https://iam.googleapis.com/v1/projects/nebula-engine-fb00a/serviceAccounts/nebula-engine-fb00a@appspot.gserviceaccount.com:testIamPermissions [none]
[debug] [2026-04-05T14:05:12.568Z] >>> [apiv2][body] POST https://iam.googleapis.com/v1/projects/nebula-engine-fb00a/serviceAccounts/nebula-engine-fb00a@appspot.gserviceaccount.com:testIamPermissions {"permissions":["iam.serviceAccounts.actAs"]}
[debug] [2026-04-05T14:05:14.113Z] <<< [apiv2][status] POST https://iam.googleapis.com/v1/projects/nebula-engine-fb00a/serviceAccounts/nebula-engine-fb00a@appspot.gserviceaccount.com:testIamPermissions 404
[debug] [2026-04-05T14:05:14.114Z] <<< [apiv2][body] POST https://iam.googleapis.com/v1/projects/nebula-engine-fb00a/serviceAccounts/nebula-engine-fb00a@appspot.gserviceaccount.com:testIamPermissions {"error":{"code":404,"message":"Unknown service account","status":"NOT_FOUND"}}
[debug] [2026-04-05T14:05:14.116Z] [functions] service account IAM check errored, deploy may fail: Request to https://iam.googleapis.com/v1/projects/nebula-engine-fb00a/serviceAccounts/nebula-engine-fb00a@appspot.gserviceaccount.com:testIamPermissions had HTTP Error: 404, Unknown service account {"name":"FirebaseError","children":[],"context":{"body":{"error":{"code":404,"message":"Unknown service account","status":"NOT_FOUND"}},"response":{"statusCode":404}},"exit":1,"message":"Request to https://iam.googleapis.com/v1/projects/nebula-engine-fb00a/serviceAccounts/nebula-engine-fb00a@appspot.gserviceaccount.com:testIamPermissions had HTTP Error: 404, Unknown service account","status":404}
[info] 
[info] === Deploying to 'nebula-engine-fb00a'...
[info] 
[info] i  deploying functions 
[info] Running command: npm --prefix "$RESOURCE_DIR" run build
